#
# An unexpected error has been detected by Java Runtime Environment:
#
#  EXCEPTION_ACCESS_VIOLATION (0xc0000005) at pc=0x6d12e9b2, pid=5788, tid=1156
#
# Java VM: Java HotSpot(TM) Client VM (1.6.0-oem-b104 mixed mode)
# Problematic frame:
# C  [awt.dll+0x12e9b2]
#
# If you would like to submit a bug report, please visit:
#   http://java.sun.com/webapps/bugreport/crash.jsp
#

---------------  T H R E A D  ---------------

Current thread (0x0ccb0c00):  JavaThread "AWT-EventQueue-0" [_thread_in_native, id=1156]

siginfo: ExceptionCode=0xc0000005, reading address 0x00000004

Registers:
EAX=0x0c4ffa50, EBX=0x07ccef08, ECX=0x00000000, EDX=0x0ccb0ce8
ESP=0x0c4ff3bc, EBP=0x0c4ff408, ESI=0x0cc10040, EDI=0x0ccb0c00
EIP=0x6d12e9b2, EFLAGS=0x00010202

Top of Stack: (sp=0x0c4ff3bc)
0x0c4ff3bc:   07ccef08 07ccef08 0ccb0c00 0ccb0c00
0x0c4ff3cc:   07b8d9a8 6d86cbbf 00000000 00000001
0x0c4ff3dc:   0ccb0c00 0cc1d358 0cc1d340 0cc1d358
0x0c4ff3ec:   77322e69 0cc1d340 0c4ff45c 6d0e4c5c
0x0c4ff3fc:   0c4ffa50 6d13e5eb ffffffff 0c4ff45c
0x0c4ff40c:   6d130122 0ccb0ce8 00000001 07ccef08
0x0c4ff41c:   0191a460 0ccb0ce8 0c4ff474 00000000
0x0c4ff42c:   00000001 0000001f 00000010 0c4ff438 

Instructions: (pc=0x6d12e9b2)
0x6d12e9a2:   89 25 00 00 00 00 83 ec 38 53 56 8b f1 8b 4e 04
0x6d12e9b2:   8b 41 04 83 f8 18 57 89 65 f0 75 29 8b 45 08 68 


Stack: [0x0c4b0000,0x0c500000),  sp=0x0c4ff3bc,  free space=316k
Native frames: (J=compiled Java code, j=interpreted, Vv=VM code, C=native code)
C  [awt.dll+0x12e9b2]
C  [awt.dll+0x130122]
j  sun.awt.Win32GraphicsDevice.getDynamicColorModel()Ljava/awt/image/ColorModel;+14
j  sun.awt.Win32GraphicsConfig.getDeviceColorModel()Ljava/awt/image/ColorModel;+4
j  sun.awt.windows.WComponentPeer.getDeviceColorModel()Ljava/awt/image/ColorModel;+13
j  sun.java2d.windows.Win32SurfaceData.createData(Lsun/awt/windows/WComponentPeer;I)Lsun/java2d/windows/Win32SurfaceData;+1
j  sun.awt.Win32GraphicsConfig.createSurfaceData(Lsun/awt/windows/WComponentPeer;I)Lsun/java2d/SurfaceData;+2
j  sun.awt.windows.WComponentPeer.replaceSurfaceData(I)V+59
j  sun.awt.windows.WComponentPeer.replaceSurfaceData()V+5
j  sun.awt.windows.WComponentPeer.displayChanged()V+1
j  sun.awt.windows.WCanvasPeer.displayChanged()V+9
j  sun.awt.windows.WPanelPeer.displayChanged()V+1
j  sun.awt.windows.WWindowPeer.displayChanged()V+5
j  sun.awt.SunDisplayChanger.notifyListeners()V+65
j  sun.awt.Win32GraphicsDevice.displayChanged()V+24
j  sun.java2d.SunGraphicsEnvironment.displayChanged()V+33
j  sun.awt.Win32GraphicsEnvironment.displayChanged()V+4
j  sun.awt.windows.WToolkit$4.run()V+6
j  java.awt.event.InvocationEvent.dispatch()V+47
j  java.awt.EventQueue.dispatchEvent(Ljava/awt/AWTEvent;)V+26
J  java.awt.EventDispatchThread.pumpOneEventForFilters(I)Z
j  java.awt.EventDispatchThread.pumpEventsForFilter(ILjava/awt/Conditional;Ljava/awt/EventFilter;)V+30
j  java.awt.EventDispatchThread.pumpEventsForHierarchy(ILjava/awt/Conditional;Ljava/awt/Component;)V+11
j  java.awt.EventDispatchThread.pumpEvents(ILjava/awt/Conditional;)V+4
j  java.awt.EventDispatchThread.pumpEvents(Ljava/awt/Conditional;)V+3
j  java.awt.EventDispatchThread.run()V+9
v  ~StubRoutines::call_stub

Java frames: (J=compiled Java code, j=interpreted, Vv=VM code)
j  sun.awt.Win32GraphicsDevice.makeColorModel(IZ)Ljava/awt/image/ColorModel;+0
j  sun.awt.Win32GraphicsDevice.getDynamicColorModel()Ljava/awt/image/ColorModel;+14
j  sun.awt.Win32GraphicsConfig.getDeviceColorModel()Ljava/awt/image/ColorModel;+4
j  sun.awt.windows.WComponentPeer.getDeviceColorModel()Ljava/awt/image/ColorModel;+13
j  sun.java2d.windows.Win32SurfaceData.createData(Lsun/awt/windows/WComponentPeer;I)Lsun/java2d/windows/Win32SurfaceData;+1
j  sun.awt.Win32GraphicsConfig.createSurfaceData(Lsun/awt/windows/WComponentPeer;I)Lsun/java2d/SurfaceData;+2
j  sun.awt.windows.WComponentPeer.replaceSurfaceData(I)V+59
j  sun.awt.windows.WComponentPeer.replaceSurfaceData()V+5
j  sun.awt.windows.WComponentPeer.displayChanged()V+1
j  sun.awt.windows.WCanvasPeer.displayChanged()V+9
j  sun.awt.windows.WPanelPeer.displayChanged()V+1
j  sun.awt.windows.WWindowPeer.displayChanged()V+5
j  sun.awt.SunDisplayChanger.notifyListeners()V+65
j  sun.awt.Win32GraphicsDevice.displayChanged()V+24
j  sun.java2d.SunGraphicsEnvironment.displayChanged()V+33
j  sun.awt.Win32GraphicsEnvironment.displayChanged()V+4
j  sun.awt.windows.WToolkit$4.run()V+6
j  java.awt.event.InvocationEvent.dispatch()V+47
j  java.awt.EventQueue.dispatchEvent(Ljava/awt/AWTEvent;)V+26
J  java.awt.EventDispatchThread.pumpOneEventForFilters(I)Z
j  java.awt.EventDispatchThread.pumpEventsForFilter(ILjava/awt/Conditional;Ljava/awt/EventFilter;)V+30
j  java.awt.EventDispatchThread.pumpEventsForHierarchy(ILjava/awt/Conditional;Ljava/awt/Component;)V+11
j  java.awt.EventDispatchThread.pumpEvents(ILjava/awt/Conditional;)V+4
j  java.awt.EventDispatchThread.pumpEvents(Ljava/awt/Conditional;)V+3
j  java.awt.EventDispatchThread.run()V+9
v  ~StubRoutines::call_stub

---------------  P R O C E S S  ---------------

Java Threads: ( => current thread )
=>0x0ccb0c00 JavaThread "AWT-EventQueue-0" [_thread_in_native, id=1156]
  0x0bb10c00 JavaThread "TimerQueue" daemon [_thread_blocked, id=4636]
  0x01907000 JavaThread "DestroyJavaVM" [_thread_blocked, id=1016]
  0x0ca98000 JavaThread "AWT-Shutdown" [_thread_blocked, id=752]
  0x0bae5000 JavaThread "AWT-Windows" daemon [_thread_in_native, id=5724]
  0x0bae4000 JavaThread "Java2D Disposer" daemon [_thread_blocked, id=4892]
  0x018a9400 JavaThread "Low Memory Detector" daemon [_thread_blocked, id=5048]
  0x018a3800 JavaThread "CompilerThread0" daemon [_thread_blocked, id=4720]
  0x018a3000 JavaThread "Attach Listener" daemon [_thread_blocked, id=3056]
  0x018a2800 JavaThread "Signal Dispatcher" daemon [_thread_blocked, id=5212]
  0x01896000 JavaThread "Finalizer" daemon [_thread_blocked, id=2280]
  0x01888000 JavaThread "Reference Handler" daemon [_thread_blocked, id=5716]

Other Threads:
  0x01885000 VMThread [id=2492]
  0x018aa800 WatcherThread [id=5388]

VM state:not at safepoint (normal execution)

VM Mutex/Monitor currently owned by a thread: None

Heap
 def new generation   total 4224K, used 2963K [0x03910000, 0x03da0000, 0x03df0000)
  eden space 3776K,  68% used [0x03910000, 0x03b932e0, 0x03cc0000)
  from space 448K,  87% used [0x03cc0000, 0x03d21c10, 0x03d30000)
  to   space 448K,   0% used [0x03d30000, 0x03d30000, 0x03da0000)
 tenured generation   total 55548K, used 14012K [0x03df0000, 0x0742f000, 0x07910000)
   the space 55548K,  25% used [0x03df0000, 0x04b9f320, 0x04b9f400, 0x0742f000)
 compacting perm gen  total 12288K, used 9073K [0x07910000, 0x08510000, 0x0b910000)
   the space 12288K,  73% used [0x07910000, 0x081ec518, 0x081ec600, 0x08510000)
No shared spaces configured.

Dynamic libraries:
0x00400000 - 0x00423000 	C:\Program Files\Java\jre1.6.0\bin\javaw.exe
0x772e0000 - 0x773fe000 	C:\Windows\system32\ntdll.dll
0x76e20000 - 0x76ef8000 	C:\Windows\system32\kernel32.dll
0x76d60000 - 0x76e1f000 	C:\Windows\system32\ADVAPI32.dll
0x75be0000 - 0x75ca3000 	C:\Windows\system32\RPCRT4.dll
0x75ef0000 - 0x75f8e000 	C:\Windows\system32\USER32.dll
0x76cf0000 - 0x76d3b000 	C:\Windows\system32\GDI32.dll
0x75d10000 - 0x75d2e000 	C:\Windows\system32\IMM32.DLL
0x77190000 - 0x77257000 	C:\Windows\system32\MSCTF.dll
0x76f00000 - 0x76faa000 	C:\Windows\system32\msvcrt.dll
0x75bd0000 - 0x75bd9000 	C:\Windows\system32\LPK.DLL
0x76b90000 - 0x76c0d000 	C:\Windows\system32\USP10.dll
0x7c340000 - 0x7c396000 	C:\Program Files\Java\jre1.6.0\bin\msvcr71.dll
0x6d7c0000 - 0x6da07000 	C:\Program Files\Java\jre1.6.0\bin\client\jvm.dll
0x742b0000 - 0x742e3000 	C:\Windows\system32\WINMM.dll
0x76fb0000 - 0x770f4000 	C:\Windows\system32\ole32.dll
0x76c60000 - 0x76cec000 	C:\Windows\system32\OLEAUT32.dll
0x74270000 - 0x742a8000 	C:\Windows\system32\OLEACC.dll
0x759d0000 - 0x759fc000 	C:\Windows\system32\apphelp.dll
0x6d310000 - 0x6d318000 	C:\Program Files\Java\jre1.6.0\bin\hpi.dll
0x75b90000 - 0x75b97000 	C:\Windows\system32\PSAPI.DLL
0x6d770000 - 0x6d77c000 	C:\Program Files\Java\jre1.6.0\bin\verify.dll
0x6d3b0000 - 0x6d3cf000 	C:\Program Files\Java\jre1.6.0\bin\java.dll
0x6d7b0000 - 0x6d7bf000 	C:\Program Files\Java\jre1.6.0\bin\zip.dll
0x6d000000 - 0x6d1c3000 	C:\Program Files\Java\jre1.6.0\bin\awt.dll
0x6ff80000 - 0x6ffc1000 	C:\Windows\system32\WINSPOOL.DRV
0x74c40000 - 0x74c7f000 	C:\Windows\system32\uxtheme.dll
0x6d2b0000 - 0x6d303000 	C:\Program Files\Java\jre1.6.0\bin\fontmanager.dll
0x75f90000 - 0x76a5e000 	C:\Windows\system32\shell32.dll
0x75cb0000 - 0x75d05000 	C:\Windows\system32\SHLWAPI.dll
0x74940000 - 0x74ad4000 	C:\Windows\WinSxS\x86_microsoft.windows.common-controls_6595b64144ccf1df_6.0.6000.16386_none_5d07289e07e1d100\comctl32.dll
0x6d570000 - 0x6d583000 	C:\Program Files\Java\jre1.6.0\bin\net.dll
0x75ba0000 - 0x75bcd000 	C:\Windows\system32\WS2_32.dll
0x76d50000 - 0x76d56000 	C:\Windows\system32\NSI.dll
0x751e0000 - 0x7521b000 	C:\Windows\system32\mswsock.dll
0x75290000 - 0x75296000 	C:\Windows\System32\wship6.dll
0x6d590000 - 0x6d599000 	C:\Program Files\Java\jre1.6.0\bin\nio.dll

VM Arguments:
java_command: WhiteboxGUI
Launcher Type: SUN_STANDARD

Environment Variables:
PATH=C:\Program Files\Java\jre1.6.0_03\bin\client;C:\Program Files\Java\jre1.6.0_03\bin;C:\Windows\system32;C:\Windows;C:\Windows\System32\Wbem;C:\Program Files\Common Files\Roxio Shared\DLLShared\;C:\Program Files\Common Files\Roxio Shared\DLLShared\;C:\Program Files\Common Files\Roxio Shared\9.0\DLLShared\;C:\Perl\bin\;C:\Program Files\Java\jdk1.6.0_03\bin\;
USERNAME=Aaron
OS=Windows_NT
PROCESSOR_IDENTIFIER=x86 Family 15 Model 72 Stepping 2, AuthenticAMD



---------------  S Y S T E M  ---------------

OS: Windows Vista Build 6000 

CPU:total 2 family 15, cmov, cx8, fxsr, mmx, sse, sse2, mmxext, 3dnowext, 3dnow, ht

Memory: 4k page, physical 2029568k(482840k free), swap 4194303k(2675580k free)

vm_info: Java HotSpot(TM) Client VM (1.6.0-oem-b104) for windows-x86, built on Nov  1 2006 08:09:48 by "java_re" with unknown MS VC++:1310

