#
# An unexpected error has been detected by Java Runtime Environment:
#
#  EXCEPTION_ACCESS_VIOLATION (0xc0000005) at pc=0x6d12e9b2, pid=4880, tid=3264
#
# Java VM: Java HotSpot(TM) Client VM (1.6.0-oem-b104 mixed mode, sharing)
# Problematic frame:
# C  [awt.dll+0x12e9b2]
#
# If you would like to submit a bug report, please visit:
#   http://java.sun.com/webapps/bugreport/crash.jsp
#

---------------  T H R E A D  ---------------

Current thread (0x03bd7000):  JavaThread "AWT-EventQueue-0" [_thread_in_native, id=3264]

siginfo: ExceptionCode=0xc0000005, reading address 0x00000004

Registers:
EAX=0x0387fdd0, EBX=0x2bbeb570, ECX=0x00000000, EDX=0x03bd70e8
ESP=0x0387f73c, EBP=0x0387f788, ESI=0x011b006c, EDI=0x03bd7000
EIP=0x6d12e9b2, EFLAGS=0x00010206

Top of Stack: (sp=0x0387f73c)
0x0387f73c:   2b347298 2bbeb570 03bbff14 03bd7000
0x0387f74c:   00000000 00000000 00000000 00000000
0x0387f75c:   00000000 041322d0 041322b8 041322d0
0x0387f76c:   77812e69 041322b8 0387f7dc 6d0e4c5c
0x0387f77c:   0387fdd0 6d13e5eb ffffffff 0387f7dc
0x0387f78c:   6d130122 03bd70e8 00000001 2b347298
0x0387f79c:   0134a460 03bd70e8 0387f7f4 00000000
0x0387f7ac:   00000001 23732210 233c7da8 233c7dc0 

Instructions: (pc=0x6d12e9b2)
0x6d12e9a2:   89 25 00 00 00 00 83 ec 38 53 56 8b f1 8b 4e 04
0x6d12e9b2:   8b 41 04 83 f8 18 57 89 65 f0 75 29 8b 45 08 68 


Stack: [0x03830000,0x03880000),  sp=0x0387f73c,  free space=317k
Native frames: (J=compiled Java code, j=interpreted, Vv=VM code, C=native code)
C  [awt.dll+0x12e9b2]
C  [awt.dll+0x130122]
j  sun.awt.Win32GraphicsDevice.getDynamicColorModel()Ljava/awt/image/ColorModel;+14
j  sun.awt.Win32GraphicsConfig.getDeviceColorModel()Ljava/awt/image/ColorModel;+4
j  sun.awt.windows.WComponentPeer.getDeviceColorModel()Ljava/awt/image/ColorModel;+13
j  sun.java2d.windows.Win32SurfaceData.createData(Lsun/awt/windows/WComponentPeer;I)Lsun/java2d/windows/Win32SurfaceData;+1
j  sun.awt.Win32GraphicsConfig.createSurfaceData(Lsun/awt/windows/WComponentPeer;I)Lsun/java2d/SurfaceData;+2
j  sun.awt.windows.WComponentPeer.replaceSurfaceData(I)V+59
j  sun.awt.windows.WComponentPeer.replaceSurfaceData()V+5
j  sun.awt.windows.WComponentPeer.displayChanged()V+1
j  sun.awt.windows.WCanvasPeer.displayChanged()V+9
j  sun.awt.windows.WPanelPeer.displayChanged()V+1
j  sun.awt.windows.WWindowPeer.displayChanged()V+5
j  sun.awt.SunDisplayChanger.notifyListeners()V+65
j  sun.awt.Win32GraphicsDevice.displayChanged()V+24
j  sun.java2d.SunGraphicsEnvironment.displayChanged()V+33
j  sun.awt.Win32GraphicsEnvironment.displayChanged()V+4
j  sun.awt.windows.WToolkit$4.run()V+6
j  java.awt.event.InvocationEvent.dispatch()V+47
j  java.awt.EventQueue.dispatchEvent(Ljava/awt/AWTEvent;)V+26
J  java.awt.EventDispatchThread.pumpOneEventForFilters(I)Z
j  java.awt.EventDispatchThread.pumpEventsForFilter(ILjava/awt/Conditional;Ljava/awt/EventFilter;)V+30
j  java.awt.EventDispatchThread.pumpEventsForHierarchy(ILjava/awt/Conditional;Ljava/awt/Component;)V+11
j  java.awt.EventDispatchThread.pumpEvents(ILjava/awt/Conditional;)V+4
j  java.awt.EventDispatchThread.pumpEvents(Ljava/awt/Conditional;)V+3
j  java.awt.EventDispatchThread.run()V+9
v  ~StubRoutines::call_stub

Java frames: (J=compiled Java code, j=interpreted, Vv=VM code)
j  sun.awt.Win32GraphicsDevice.makeColorModel(IZ)Ljava/awt/image/ColorModel;+0
j  sun.awt.Win32GraphicsDevice.getDynamicColorModel()Ljava/awt/image/ColorModel;+14
j  sun.awt.Win32GraphicsConfig.getDeviceColorModel()Ljava/awt/image/ColorModel;+4
j  sun.awt.windows.WComponentPeer.getDeviceColorModel()Ljava/awt/image/ColorModel;+13
j  sun.java2d.windows.Win32SurfaceData.createData(Lsun/awt/windows/WComponentPeer;I)Lsun/java2d/windows/Win32SurfaceData;+1
j  sun.awt.Win32GraphicsConfig.createSurfaceData(Lsun/awt/windows/WComponentPeer;I)Lsun/java2d/SurfaceData;+2
j  sun.awt.windows.WComponentPeer.replaceSurfaceData(I)V+59
j  sun.awt.windows.WComponentPeer.replaceSurfaceData()V+5
j  sun.awt.windows.WComponentPeer.displayChanged()V+1
j  sun.awt.windows.WCanvasPeer.displayChanged()V+9
j  sun.awt.windows.WPanelPeer.displayChanged()V+1
j  sun.awt.windows.WWindowPeer.displayChanged()V+5
j  sun.awt.SunDisplayChanger.notifyListeners()V+65
j  sun.awt.Win32GraphicsDevice.displayChanged()V+24
j  sun.java2d.SunGraphicsEnvironment.displayChanged()V+33
j  sun.awt.Win32GraphicsEnvironment.displayChanged()V+4
j  sun.awt.windows.WToolkit$4.run()V+6
j  java.awt.event.InvocationEvent.dispatch()V+47
j  java.awt.EventQueue.dispatchEvent(Ljava/awt/AWTEvent;)V+26
J  java.awt.EventDispatchThread.pumpOneEventForFilters(I)Z
j  java.awt.EventDispatchThread.pumpEventsForFilter(ILjava/awt/Conditional;Ljava/awt/EventFilter;)V+30
j  java.awt.EventDispatchThread.pumpEventsForHierarchy(ILjava/awt/Conditional;Ljava/awt/Component;)V+11
j  java.awt.EventDispatchThread.pumpEvents(ILjava/awt/Conditional;)V+4
j  java.awt.EventDispatchThread.pumpEvents(Ljava/awt/Conditional;)V+3
j  java.awt.EventDispatchThread.run()V+9
v  ~StubRoutines::call_stub

---------------  P R O C E S S  ---------------

Java Threads: ( => current thread )
=>0x03bd7000 JavaThread "AWT-EventQueue-0" [_thread_in_native, id=3264]
  0x00d57000 JavaThread "DestroyJavaVM" [_thread_blocked, id=5548]
  0x03b68800 JavaThread "AWT-Shutdown" [_thread_blocked, id=6128]
  0x01263800 JavaThread "AWT-Windows" daemon [_thread_in_native, id=4316]
  0x01262c00 JavaThread "Java2D Disposer" daemon [_thread_blocked, id=5284]
  0x011eb400 JavaThread "Low Memory Detector" daemon [_thread_blocked, id=5416]
  0x011d4c00 JavaThread "CompilerThread0" daemon [_thread_blocked, id=2088]
  0x011d2400 JavaThread "Attach Listener" daemon [_thread_blocked, id=2596]
  0x011d1c00 JavaThread "Signal Dispatcher" daemon [_thread_blocked, id=2512]
  0x011cb000 JavaThread "Finalizer" daemon [_thread_blocked, id=6036]
  0x011c2400 JavaThread "Reference Handler" daemon [_thread_blocked, id=5840]

Other Threads:
  0x011b9400 VMThread [id=4232]
  0x011ed000 WatcherThread [id=4756]

VM state:not at safepoint (normal execution)

VM Mutex/Monitor currently owned by a thread: None

Heap
 def new generation   total 3968K, used 1765K [0x23220000, 0x23660000, 0x23700000)
  eden space 3584K,  48% used [0x23220000, 0x233d03c0, 0x235a0000)
  from space 384K,   9% used [0x235a0000, 0x235a9290, 0x23600000)
  to   space 384K,   0% used [0x23600000, 0x23600000, 0x23660000)
 tenured generation   total 51656K, used 26363K [0x23700000, 0x26972000, 0x27220000)
   the space 51656K,  51% used [0x23700000, 0x250bed80, 0x250bee00, 0x26972000)
 compacting perm gen  total 12288K, used 1147K [0x27220000, 0x27e20000, 0x2b220000)
   the space 12288K,   9% used [0x27220000, 0x2733eeb0, 0x2733f000, 0x27e20000)
    ro space 8192K,  62% used [0x2b220000, 0x2b71b9f8, 0x2b71ba00, 0x2ba20000)
    rw space 12288K,  52% used [0x2ba20000, 0x2c05e348, 0x2c05e400, 0x2c620000)

Dynamic libraries:
0x00400000 - 0x00423000 	C:\Program Files\Java\jre1.6.0\bin\javaw.exe
0x777d0000 - 0x778ee000 	C:\Windows\system32\ntdll.dll
0x775c0000 - 0x77698000 	C:\Windows\system32\kernel32.dll
0x767b0000 - 0x7686f000 	C:\Windows\system32\ADVAPI32.dll
0x774f0000 - 0x775b3000 	C:\Windows\system32\RPCRT4.dll
0x76090000 - 0x7612e000 	C:\Windows\system32\USER32.dll
0x76980000 - 0x769cb000 	C:\Windows\system32\GDI32.dll
0x779f0000 - 0x77a0e000 	C:\Windows\system32\IMM32.DLL
0x76660000 - 0x76727000 	C:\Windows\system32\MSCTF.dll
0x765b0000 - 0x7665a000 	C:\Windows\system32\msvcrt.dll
0x76080000 - 0x76089000 	C:\Windows\system32\LPK.DLL
0x76730000 - 0x767ad000 	C:\Windows\system32\USP10.dll
0x7c340000 - 0x7c396000 	C:\Program Files\Java\jre1.6.0\bin\msvcr71.dll
0x6d7c0000 - 0x6da07000 	C:\Program Files\Java\jre1.6.0\bin\client\jvm.dll
0x74790000 - 0x747c3000 	C:\Windows\system32\WINMM.dll
0x76460000 - 0x765a4000 	C:\Windows\system32\ole32.dll
0x763d0000 - 0x7645c000 	C:\Windows\system32\OLEAUT32.dll
0x74750000 - 0x74788000 	C:\Windows\system32\OLEACC.dll
0x75eb0000 - 0x75edc000 	C:\Windows\system32\apphelp.dll
0x6d310000 - 0x6d318000 	C:\Program Files\Java\jre1.6.0\bin\hpi.dll
0x76070000 - 0x76077000 	C:\Windows\system32\PSAPI.DLL
0x6d770000 - 0x6d77c000 	C:\Program Files\Java\jre1.6.0\bin\verify.dll
0x6d3b0000 - 0x6d3cf000 	C:\Program Files\Java\jre1.6.0\bin\java.dll
0x6d7b0000 - 0x6d7bf000 	C:\Program Files\Java\jre1.6.0\bin\zip.dll
0x6d000000 - 0x6d1c3000 	C:\Program Files\Java\jre1.6.0\bin\awt.dll
0x6f650000 - 0x6f691000 	C:\Windows\system32\WINSPOOL.DRV
0x75110000 - 0x7514f000 	C:\Windows\system32\uxtheme.dll
0x6d2b0000 - 0x6d303000 	C:\Program Files\Java\jre1.6.0\bin\fontmanager.dll
0x76a20000 - 0x774ee000 	C:\Windows\system32\shell32.dll
0x77990000 - 0x779e5000 	C:\Windows\system32\SHLWAPI.dll
0x74e10000 - 0x74fa4000 	C:\Windows\WinSxS\x86_microsoft.windows.common-controls_6595b64144ccf1df_6.0.6000.16386_none_5d07289e07e1d100\comctl32.dll
0x6d570000 - 0x6d583000 	C:\Program Files\Java\jre1.6.0\bin\net.dll
0x76870000 - 0x7689d000 	C:\Windows\system32\WS2_32.dll
0x778f0000 - 0x778f6000 	C:\Windows\system32\NSI.dll
0x756e0000 - 0x7571b000 	C:\Windows\system32\mswsock.dll
0x75740000 - 0x75746000 	C:\Windows\System32\wship6.dll
0x6d590000 - 0x6d599000 	C:\Program Files\Java\jre1.6.0\bin\nio.dll

VM Arguments:
java_command: WhiteboxGUI
Launcher Type: SUN_STANDARD

Environment Variables:
PATH=C:\Program Files\Java\jre1.6.0_03\bin\client;C:\Program Files\Java\jre1.6.0_03\bin;C:\Windows\system32;C:\Windows;C:\Windows\System32\Wbem;C:\Program Files\Common Files\Roxio Shared\DLLShared\;C:\Program Files\Common Files\Roxio Shared\DLLShared\;C:\Program Files\Common Files\Roxio Shared\9.0\DLLShared\;C:\Perl\bin\;C:\Program Files\Java\jdk1.6.0_03\bin\;
USERNAME=Aaron
OS=Windows_NT
PROCESSOR_IDENTIFIER=x86 Family 15 Model 72 Stepping 2, AuthenticAMD



---------------  S Y S T E M  ---------------

OS: Windows Vista Build 6000 

CPU:total 2 family 15, cmov, cx8, fxsr, mmx, sse, sse2, mmxext, 3dnowext, 3dnow, ht

Memory: 4k page, physical 2029568k(869528k free), swap 4194303k(2477496k free)

vm_info: Java HotSpot(TM) Client VM (1.6.0-oem-b104) for windows-x86, built on Nov  1 2006 08:09:48 by "java_re" with unknown MS VC++:1310

